\BOOKMARK [1][-]{section.1}{\376\377\213\376\230\230\117\341\140\157}{}% 1
\BOOKMARK [2][-]{subsection.1.1}{\376\377\213\376\230\230\127\372\147\054\140\305\121\265\151\202\217\360\377\010\0004\0000\0000\133\127\377\011}{section.1}% 2
\BOOKMARK [2][-]{subsection.1.2}{\376\377\213\376\230\230\142\200\147\057\226\276\136\246\142\026\122\033\145\260\160\271\377\010\0004\0000\0000\133\127\377\011}{section.1}% 3
\BOOKMARK [1][-]{section.2}{\376\377\172\313\230\171\117\235\143\156}{}% 4
\BOOKMARK [2][-]{subsection.2.1}{\376\377\172\313\230\171\166\356\166\204\124\214\141\017\116\111}{section.2}% 5
\BOOKMARK [2][-]{subsection.2.2}{\376\377\151\202\137\365\116\016\121\205\155\265}{section.2}% 6
\BOOKMARK [3][-]{subsubsection.2.2.1}{\376\377\145\340\215\104\145\231\155\101\127\337\000\050\000U\000n\000g\000a\000u\000g\000e\000d\000\040\000B\000a\000s\000i\000n\000s\000\051}{subsection.2.2}% 7
\BOOKMARK [3][-]{subsubsection.2.2.2}{\376\377\134\161\155\052\230\204\213\146\174\373\176\337}{subsection.2.2}% 8
\BOOKMARK [2][-]{subsection.2.3}{\376\377\126\375\121\205\131\026\170\024\172\166\163\260\162\266\124\214\123\321\134\125\215\213\122\277}{section.2}% 9
\BOOKMARK [3][-]{subsubsection.2.3.1}{\376\377\000A\000I\166\321\143\247\116\016\230\204\213\146\134\161\155\052}{subsection.2.3}% 10
\BOOKMARK [3][-]{subsubsection.2.3.2}{\376\377\000A\000I\134\161\155\052\230\316\226\151\213\304\117\060\116\016\143\137\131\061\117\060\213\241}{subsection.2.3}% 11
\BOOKMARK [3][-]{subsubsection.2.3.3}{\376\377\177\072\131\061\154\064\127\337\145\160\143\156\127\072\146\157\116\013\131\032\156\220\145\160\143\156\123\117\124\014\166\204\134\161\155\052\166\321\143\247}{subsection.2.3}% 12
\BOOKMARK [1][-]{section.3}{\376\377\170\024\172\166\145\271\150\110}{}% 13
\BOOKMARK [2][-]{subsection.3.1}{\376\377\170\024\172\166\166\356\150\007\060\001\170\024\172\166\121\205\133\271\124\214\142\337\211\343\121\263\166\204\121\163\225\056\225\356\230\230}{section.3}% 14
\BOOKMARK [2][-]{subsection.3.2}{\376\377\142\337\221\307\123\326\166\204\170\024\172\166\145\271\154\325\060\001\142\200\147\057\215\357\176\277\060\001\133\236\232\214\145\271\150\110\123\312\123\357\210\114\140\047\122\006\147\220}{section.3}% 15
\BOOKMARK [3][-]{subsubsection.3.2.1}{\376\377\000A\000I\166\321\143\247\116\016\230\204\213\146\134\161\155\052}{subsection.3.2}% 16
\BOOKMARK [3][-]{subsubsection.3.2.2}{\376\377\000A\000I\134\161\155\052\230\316\226\151\213\304\117\060\116\016\143\137\131\061\117\060\213\241}{subsection.3.2}% 17
\BOOKMARK [3][-]{subsubsection.3.2.3}{\376\377\177\072\131\061\154\064\127\337\145\160\143\156\127\072\146\157\116\013\131\032\156\220\145\160\143\156\123\117\124\014\166\204\134\161\155\052\166\321\143\247}{subsection.3.2}% 18
\BOOKMARK [2][-]{subsection.3.3}{\376\377\116\073\211\201\122\033\145\260\160\271}{section.3}% 19
\BOOKMARK [2][-]{subsection.3.4}{\376\377\170\024\172\166\213\241\122\022\123\312\230\204\147\037\217\333\134\125}{section.3}% 20
\BOOKMARK [2][-]{subsection.3.5}{\376\377\230\204\147\037\170\024\172\166\142\020\147\234\124\214\200\003\150\070\143\007\150\007}{section.3}% 21
\BOOKMARK [1][-]{section.4}{\376\377\170\024\172\166\127\372\170\100}{}% 22
\BOOKMARK [2][-]{subsection.4.1}{\376\377\116\016\165\063\213\367\213\376\230\230\147\011\121\163\166\204\170\024\172\166\135\345\117\134\127\372\170\100\124\214\135\362\123\326\137\227\142\020\176\351}{section.4}% 23
\BOOKMARK [2][-]{subsection.4.2}{\376\377\163\260\147\011\170\024\172\166\147\141\116\366\140\305\121\265}{section.4}% 24
\BOOKMARK [2][-]{subsection.4.3}{\376\377\165\063\213\367\200\005\124\214\116\073\211\201\142\020\124\130\170\024\172\166\135\345\117\134\173\200\123\206}{section.4}% 25
